<?xml version="1.0" encoding="UTF-8" standalone="yes"?>
<backpack>
  <steamID><![CDATA[pnatural]]></steamID>
  <steamID64>76561197992805111</steamID64>
  <claimed>1</claimed>
  <isValve>0</isValve>
  <avatarFull><![CDATA[http://media.steampowered.com/steamcommunity/public/images/avatars/ce/ce70406c4882f185142bb3c3bdbfa6c7333510ce_full.jpg]]></avatarFull>
  <fromCache>1</fromCache>
  <fromHistory>0</fromHistory>
  <cacheTime>1266659827</cacheTime>
  <historyTime>0</historyTime>
  <profileViews>145</profileViews>
  <numHats>11</numHats>
  <numMisc>3</numMisc>
  <numNormal>32</numNormal>
  <numMetal>5</numMetal>
  <metalWorth>17</metalWorth>
  <numUnknown>0</numUnknown>
  <totalItems>51</totalItems>
  <totalJustFound>0<hats>0</hats><nonHats>0</nonHats></totalJustFound>
  <totalInvalid>0</totalInvalid>
  <items>
    <item definitionIndex="36">
      <uniqueId>1863474</uniqueId>
      <level>5</level>
      <quality>3</quality>
      <position>2148532301</position>
      <quantity>1</quantity>
      <attributes/>
    </item>
    <item definitionIndex="61">
      <uniqueId>15954037</uniqueId>
      <level>68</level>
      <quality>3</quality>
      <position>2155872335</position>
      <quantity>1</quantity>
      <attributes/>
    </item>
    <item definitionIndex="60">
      <uniqueId>33066744</uniqueId>
      <level>5</level>
      <quality>3</quality>
      <position>2155872345</position>
      <quantity>1</quantity>
      <attributes/>
    </item>
    <item definitionIndex="115">
      <uniqueId>40195391</uniqueId>
      <level>10</level>
      <quality>3</quality>
      <position>2147483748</position>
      <quantity>1</quantity>
      <attributes/>
    </item>
    <item definitionIndex="116">
      <uniqueId>40195598</uniqueId>
      <level>10</level>
      <quality>3</quality>
      <position>2147483738</position>
      <quantity>1</quantity>
      <attributes/>
    </item>
    <item definitionIndex="50">
      <uniqueId>44603538</uniqueId>
      <level>30</level>
      <quality>3</quality>
      <position>2148532291</position>
      <quantity>1</quantity>
      <attributes/>
    </item>
    <item definitionIndex="127">
      <uniqueId>51347159</uniqueId>
      <level>1</level>
      <quality>3</quality>
      <position>2147483720</position>
      <quantity>1</quantity>
      <attributes/>
    </item>
    <item definitionIndex="37">
      <uniqueId>52829496</uniqueId>
      <level>10</level>
      <quality>3</quality>
      <position>2148532321</position>
      <quantity>1</quantity>
      <attributes/>
    </item>
    <item definitionIndex="133">
      <uniqueId>53406361</uniqueId>
      <level>10</level>
      <quality>3</quality>
      <position>2147483730</position>
      <quantity>1</quantity>
      <attributes/>
    </item>
    <item definitionIndex="118">
      <uniqueId>53816707</uniqueId>
      <level>84</level>
      <quality>3</quality>
      <position>2164260930</position>
      <quantity>1</quantity>
      <attributes/>
    </item>
    <item definitionIndex="105">
      <uniqueId>53919175</uniqueId>
      <level>83</level>
      <quality>3</quality>
      <position>2147483701</position>
      <quantity>1</quantity>
      <attributes/>
    </item>
    <item definitionIndex="55">
      <uniqueId>56242589</uniqueId>
      <level>92</level>
      <quality>3</quality>
      <position>2147483717</position>
      <quantity>1</quantity>
      <attributes/>
    </item>
    <item definitionIndex="102">
      <uniqueId>56399443</uniqueId>
      <level>98</level>
      <quality>3</quality>
      <position>2151678015</position>
      <quantity>1</quantity>
      <attributes/>
    </item>
    <item definitionIndex="48">
      <uniqueId>58222295</uniqueId>
      <level>6</level>
      <quality>3</quality>
      <position>2147483704</position>
      <quantity>1</quantity>
      <attributes/>
    </item>
    <item definitionIndex="106">
      <uniqueId>58932196</uniqueId>
      <level>88</level>
      <quality>3</quality>
      <position>2147549235</position>
      <quantity>1</quantity>
      <attributes/>
    </item>
    <item definitionIndex="45">
      <uniqueId>59026531</uniqueId>
      <level>10</level>
      <quality>3</quality>
      <position>2147483719</position>
      <quantity>1</quantity>
      <attributes/>
    </item>
    <item definitionIndex="103">
      <uniqueId>59278050</uniqueId>
      <level>38</level>
      <quality>3</quality>
      <position>2147483728</position>
      <quantity>1</quantity>
      <attributes/>
    </item>
    <item definitionIndex="56">
      <uniqueId>59280709</uniqueId>
      <level>10</level>
      <quality>3</quality>
      <position>2147483726</position>
      <quantity>1</quantity>
      <attributes/>
    </item>
    <item definitionIndex="58">
      <uniqueId>59456846</uniqueId>
      <level>5</level>
      <quality>3</quality>
      <position>2147614808</position>
      <quantity>1</quantity>
      <attributes/>
    </item>
    <item definitionIndex="108">
      <uniqueId>59757376</uniqueId>
      <level>87</level>
      <quality>3</quality>
      <position>2155872315</position>
      <quantity>1</quantity>
      <attributes/>
    </item>
    <item definitionIndex="43">
      <uniqueId>59876831</uniqueId>
      <level>7</level>
      <quality>3</quality>
      <position>2149580895</position>
      <quantity>1</quantity>
      <attributes/>
    </item>
    <item definitionIndex="129">
      <uniqueId>59930141</uniqueId>
      <level>5</level>
      <quality>3</quality>
      <position>2147745884</position>
      <quantity>1</quantity>
      <attributes/>
    </item>
    <item definitionIndex="57">
      <uniqueId>59982226</uniqueId>
      <level>10</level>
      <quality>3</quality>
      <position>2147483746</position>
      <quantity>1</quantity>
      <attributes/>
    </item>
    <item definitionIndex="39">
      <uniqueId>60061166</uniqueId>
      <level>10</level>
      <quality>3</quality>
      <position>2151678035</position>
      <quantity>1</quantity>
      <attributes/>
    </item>
    <item definitionIndex="38">
      <uniqueId>60313150</uniqueId>
      <level>10</level>
      <quality>3</quality>
      <position>2151678045</position>
      <quantity>1</quantity>
      <attributes/>
    </item>
    <item definitionIndex="46">
      <uniqueId>60545850</uniqueId>
      <level>5</level>
      <quality>3</quality>
      <position>2147483729</position>
      <quantity>1</quantity>
      <attributes/>
    </item>
    <item definitionIndex="130">
      <uniqueId>60901439</uniqueId>
      <level>5</level>
      <quality>3</quality>
      <position>2147483722</position>
      <quantity>1</quantity>
      <attributes/>
    </item>
    <item definitionIndex="40">
      <uniqueId>60989656</uniqueId>
      <level>10</level>
      <quality>3</quality>
      <position>2147483721</position>
      <quantity>1</quantity>
      <attributes/>
    </item>
    <item definitionIndex="5007">
      <uniqueId>61164565</uniqueId>
      <level>1</level>
      <quality>3</quality>
      <position>2147483693</position>
      <quantity>1</quantity>
      <attributes/>
    </item>
    <item definitionIndex="128">
      <uniqueId>61264555</uniqueId>
      <level>10</level>
      <quality>3</quality>
      <position>2147745854</position>
      <quantity>1</quantity>
      <attributes/>
    </item>
    <item definitionIndex="139">
      <uniqueId>61346418</uniqueId>
      <level>3</level>
      <quality>3</quality>
      <position>2147483708</position>
      <quantity>1</quantity>
      <attributes/>
    </item>
    <item definitionIndex="44">
      <uniqueId>61353686</uniqueId>
      <level>15</level>
      <quality>3</quality>
      <position>2147549275</position>
      <quantity>1</quantity>
      <attributes/>
    </item>
    <item definitionIndex="35">
      <uniqueId>61390570</uniqueId>
      <level>8</level>
      <quality>3</quality>
      <position>2147483735</position>
      <quantity>1</quantity>
      <attributes/>
    </item>
    <item definitionIndex="127">
      <uniqueId>61654699</uniqueId>
      <level>1</level>
      <quality>3</quality>
      <position>2147483680</position>
      <quantity>1</quantity>
      <attributes/>
    </item>
    <item definitionIndex="131">
      <uniqueId>61809441</uniqueId>
      <level>10</level>
      <quality>3</quality>
      <position>2147483732</position>
      <quantity>1</quantity>
      <attributes/>
    </item>
    <item definitionIndex="132">
      <uniqueId>61865525</uniqueId>
      <level>5</level>
      <quality>3</quality>
      <position>2147483742</position>
      <quantity>1</quantity>
      <attributes/>
    </item>
    <item definitionIndex="133">
      <uniqueId>61880629</uniqueId>
      <level>10</level>
      <quality>3</quality>
      <position>2147483670</position>
      <quantity>1</quantity>
      <attributes/>
    </item>
    <item definitionIndex="41">
      <uniqueId>61960550</uniqueId>
      <level>5</level>
      <quality>3</quality>
      <position>2147483723</position>
      <quantity>1</quantity>
      <attributes/>
    </item>
    <item definitionIndex="5002">
      <uniqueId>61974412</uniqueId>
      <level>3</level>
      <quality>3</quality>
      <position>2147483649</position>
      <quantity>1</quantity>
      <attributes/>
    </item>
    <item definitionIndex="59">
      <uniqueId>61990214</uniqueId>
      <level>5</level>
      <quality>3</quality>
      <position>2147483747</position>
      <quantity>1</quantity>
      <attributes/>
    </item>
    <item definitionIndex="38">
      <uniqueId>62090431</uniqueId>
      <level>10</level>
      <quality>3</quality>
      <position>2147483691</position>
      <quantity>1</quantity>
      <attributes/>
    </item>
    <item definitionIndex="103">
      <uniqueId>62115451</uniqueId>
      <level>18</level>
      <quality>3</quality>
      <position>2147483667</position>
      <quantity>1</quantity>
      <attributes/>
    </item>
    <item definitionIndex="103">
      <uniqueId>62210462</uniqueId>
      <level>28</level>
      <quality>3</quality>
      <position>2147483677</position>
      <quantity>1</quantity>
      <attributes/>
    </item>
    <item definitionIndex="43">
      <uniqueId>62255265</uniqueId>
      <level>7</level>
      <quality>3</quality>
      <position>2147483683</position>
      <quantity>1</quantity>
      <attributes/>
    </item>
    <item definitionIndex="5001">
      <uniqueId>62299217</uniqueId>
      <level>2</level>
      <quality>3</quality>
      <position>2147483650</position>
      <quantity>1</quantity>
      <attributes/>
    </item>
    <item definitionIndex="127">
      <uniqueId>62345948</uniqueId>
      <level>1</level>
      <quality>3</quality>
      <position>2147483690</position>
      <quantity>1</quantity>
      <attributes/>
    </item>
    <item definitionIndex="131">
      <uniqueId>62379298</uniqueId>
      <level>10</level>
      <quality>3</quality>
      <position>2147483692</position>
      <quantity>1</quantity>
      <attributes/>
    </item>
    <item definitionIndex="57">
      <uniqueId>62579523</uniqueId>
      <level>10</level>
      <quality>3</quality>
      <position>2147483696</position>
      <quantity>1</quantity>
      <attributes/>
    </item>
    <item definitionIndex="5000">
      <uniqueId>62673973</uniqueId>
      <level>1</level>
      <quality>3</quality>
      <position>2147483652</position>
      <quantity>1</quantity>
      <attributes/>
    </item>
    <item definitionIndex="5000">
      <uniqueId>62673978</uniqueId>
      <level>1</level>
      <quality>3</quality>
      <position>2147483653</position>
      <quantity>1</quantity>
      <attributes/>
    </item>
    <item definitionIndex="5001">
      <uniqueId>62673993</uniqueId>
      <level>2</level>
      <quality>3</quality>
      <position>2147483651</position>
      <quantity>1</quantity>
      <attributes/>
    </item>
  </items>
  <availableHistory>
    <historyTime>1266659827</historyTime>
    <historyTime>1266614820</historyTime>
    <historyTime>1266603940</historyTime>
    <historyTime>1266599703</historyTime>
    <historyTime>1266519929</historyTime>
    <historyTime>1266510595</historyTime>
    <historyTime>1266502301</historyTime>
    <historyTime>1266491478</historyTime>
    <historyTime>1266459021</historyTime>
    <historyTime>1266444570</historyTime>
    <historyTime>1266440959</historyTime>
    <historyTime>1266437364</historyTime>
    <historyTime>1266434747</historyTime>
    <historyTime>1266426553</historyTime>
    <historyTime>1266415722</historyTime>
    <historyTime>1266399004</historyTime>
    <historyTime>1266386938</historyTime>
    <historyTime>1266368966</historyTime>
    <historyTime>1266365349</historyTime>
    <historyTime>1266362040</historyTime>
    <historyTime>1266355126</historyTime>
    <historyTime>1266350789</historyTime>
    <historyTime>1266342559</historyTime>
    <historyTime>1266338103</historyTime>
    <historyTime>1266315275</historyTime>
    <historyTime>1266309603</historyTime>
    <historyTime>1266307543</historyTime>
    <historyTime>1266297057</historyTime>
    <historyTime>1266295434</historyTime>
    <historyTime>1266286983</historyTime>
    <historyTime>1266279854</historyTime>
    <historyTime>1266275543</historyTime>
    <historyTime>1266265753</historyTime>
    <historyTime>1266263749</historyTime>
    <historyTime>1266253458</historyTime>
    <historyTime>1266242649</historyTime>
    <historyTime>1266228574</historyTime>
    <historyTime>1266227222</historyTime>
    <historyTime>1266220989</historyTime>
    <historyTime>1266211754</historyTime>
    <historyTime>1266210177</historyTime>
    <historyTime>1266193008</historyTime>
    <historyTime>1266184664</historyTime>
    <historyTime>1266177675</historyTime>
    <historyTime>1266174355</historyTime>
    <historyTime>1266166860</historyTime>
    <historyTime>1266145963</historyTime>
    <historyTime>1266142998</historyTime>
    <historyTime>1266138930</historyTime>
    <historyTime>1266134434</historyTime>
    <historyTime>1266128626</historyTime>
    <historyTime>1266123630</historyTime>
    <historyTime>1266117085</historyTime>
    <historyTime>1266111966</historyTime>
    <historyTime>1266104044</historyTime>
    <historyTime>1266091173</historyTime>
    <historyTime>1266069546</historyTime>
    <historyTime>1266060521</historyTime>
    <historyTime>1266054985</historyTime>
    <historyTime>1266050420</historyTime>
    <historyTime>1266041915</historyTime>
    <historyTime>1266032901</historyTime>
    <historyTime>1266001840</historyTime>
    <historyTime>1265998381</historyTime>
    <historyTime>1265993861</historyTime>
    <historyTime>1265983037</historyTime>
    <historyTime>1265970128</historyTime>
    <historyTime>1265962731</historyTime>
    <historyTime>1265960623</historyTime>
    <historyTime>1265954828</historyTime>
    <historyTime>1265950612</historyTime>
    <historyTime>1265941682</historyTime>
    <historyTime>1265937351</historyTime>
    <historyTime>1265930403</historyTime>
    <historyTime>1265927038</historyTime>
    <historyTime>1265915957</historyTime>
    <historyTime>1265912007</historyTime>
    <historyTime>1265899553</historyTime>
    <historyTime>1265896547</historyTime>
    <historyTime>1265885718</historyTime>
    <historyTime>1265874903</historyTime>
    <historyTime>1265868703</historyTime>
    <historyTime>1265863998</historyTime>
    <historyTime>1265858793</historyTime>
    <historyTime>1265854069</historyTime>
    <historyTime>1265850765</historyTime>
    <historyTime>1265840408</historyTime>
    <historyTime>1265836141</historyTime>
    <historyTime>1265821305</historyTime>
    <historyTime>1265794641</historyTime>
    <historyTime>1265789604</historyTime>
    <historyTime>1265786237</historyTime>
    <historyTime>1265785091</historyTime>
    <historyTime>1265779686</historyTime>
    <historyTime>1265776191</historyTime>
    <historyTime>1265773386</historyTime>
    <historyTime>1265762176</historyTime>
    <historyTime>1265750922</historyTime>
    <historyTime>1265739292</historyTime>
    <historyTime>1265734782</historyTime>
    <historyTime>1265731039</historyTime>
    <historyTime>1265709392</historyTime>
    <historyTime>1265701052</historyTime>
    <historyTime>1265667478</historyTime>
    <historyTime>1265660255</historyTime>
    <historyTime>1265657858</historyTime>
    <historyTime>1265653337</historyTime>
    <historyTime>1265648500</historyTime>
    <historyTime>1265617509</historyTime>
    <historyTime>1265615067</historyTime>
    <historyTime>1265605264</historyTime>
    <historyTime>1265598715</historyTime>
    <historyTime>1265592759</historyTime>
    <historyTime>1265583973</historyTime>
    <historyTime>1265580719</historyTime>
    <historyTime>1265579818</historyTime>
    <historyTime>1265565727</historyTime>
    <historyTime>1265545574</historyTime>
    <historyTime>1265529154</historyTime>
    <historyTime>1265523528</historyTime>
    <historyTime>1265507044</historyTime>
    <historyTime>1265498982</historyTime>
    <historyTime>1265495448</historyTime>
    <historyTime>1265469613</historyTime>
    <historyTime>1265461626</historyTime>
    <historyTime>1265443531</historyTime>
    <historyTime>1265433695</historyTime>
    <historyTime>1265415384</historyTime>
    <historyTime>1265408506</historyTime>
    <historyTime>1265398693</historyTime>
    <historyTime>1265393688</historyTime>
    <historyTime>1265390681</historyTime>
    <historyTime>1265381289</historyTime>
    <historyTime>1265375863</historyTime>
    <historyTime>1265357507</historyTime>
    <historyTime>1265353767</historyTime>
    <historyTime>1265316933</historyTime>
    <historyTime>1265306111</historyTime>
    <historyTime>1265302757</historyTime>
    <historyTime>1265280627</historyTime>
    <historyTime>1265272008</historyTime>
    <historyTime>1265269590</historyTime>
    <historyTime>1265264088</historyTime>
    <historyTime>1265263357</historyTime>
    <historyTime>1265260653</historyTime>
    <historyTime>1265253935</historyTime>
    <historyTime>1265246793</historyTime>
    <historyTime>1265231683</historyTime>
    <historyTime>1265228546</historyTime>
    <historyTime>1265224805</historyTime>
    <historyTime>1265222646</historyTime>
    <historyTime>1265214633</historyTime>
    <historyTime>1265190123</historyTime>
    <historyTime>1265183021</historyTime>
    <historyTime>1265170608</historyTime>
    <historyTime>1265169422</historyTime>
    <historyTime>1265154004</historyTime>
    <historyTime>1265149209</historyTime>
    <historyTime>1265144844</historyTime>
    <historyTime>1265133595</historyTime>
    <historyTime>1265130357</historyTime>
    <historyTime>1265121211</historyTime>
    <historyTime>1265096952</historyTime>
    <historyTime>1265088666</historyTime>
    <historyTime>1265077023</historyTime>
    <historyTime>1265052389</historyTime>
    <historyTime>1265037560</historyTime>
    <historyTime>1265031994</historyTime>
    <historyTime>1265023672</historyTime>
    <historyTime>1265016634</historyTime>
    <historyTime>1265003043</historyTime>
    <historyTime>1264999545</historyTime>
    <historyTime>1264996415</historyTime>
    <historyTime>1264985794</historyTime>
    <historyTime>1264960985</historyTime>
    <historyTime>1264929100</historyTime>
    <historyTime>1264912006</historyTime>
    <historyTime>1264907621</historyTime>
    <historyTime>1264905097</historyTime>
    <historyTime>1264900675</historyTime>
    <historyTime>1264899333</historyTime>
    <historyTime>1264895088</historyTime>
    <historyTime>1264888756</historyTime>
    <historyTime>1264867676</historyTime>
    <historyTime>1264832420</historyTime>
    <historyTime>1264821477</historyTime>
    <historyTime>1264807665</historyTime>
    <historyTime>1264799357</historyTime>
    <historyTime>1264775333</historyTime>
    <historyTime>1264763940</historyTime>
    <historyTime>1264754835</historyTime>
    <historyTime>1264742785</historyTime>
    <historyTime>1264731518</historyTime>
    <historyTime>1264723104</historyTime>
    <historyTime>1264716750</historyTime>
    <historyTime>1264706905</historyTime>
    <historyTime>1264703546</historyTime>
    <historyTime>1264698234</historyTime>
    <historyTime>1264675587</historyTime>
    <historyTime>1264665589</historyTime>
    <historyTime>1264637643</historyTime>
    <historyTime>1264629354</historyTime>
    <historyTime>1264610842</historyTime>
    <historyTime>1264604719</historyTime>
    <historyTime>1264588018</historyTime>
    <historyTime>1264572726</historyTime>
    <historyTime>1264557423</historyTime>
    <historyTime>1264551753</historyTime>
    <historyTime>1264546774</historyTime>
    <historyTime>1264537516</historyTime>
    <historyTime>1264534326</historyTime>
    <historyTime>1264529670</historyTime>
    <historyTime>1264523466</historyTime>
    <historyTime>1264521595</historyTime>
    <historyTime>1264501785</historyTime>
    <historyTime>1264489755</historyTime>
    <historyTime>1264479908</historyTime>
    <historyTime>1264472734</historyTime>
    <historyTime>1264470930</historyTime>
    <historyTime>1264464796</historyTime>
    <historyTime>1264462178</historyTime>
    <historyTime>1264449132</historyTime>
    <historyTime>1264444270</historyTime>
    <historyTime>1264436600</historyTime>
    <historyTime>1264429011</historyTime>
    <historyTime>1264424957</historyTime>
    <historyTime>1264376963</historyTime>
    <historyTime>1264293843</historyTime>
    <historyTime>1263773837</historyTime>
    <historyTime>1263586794</historyTime>
    <historyTime>1253637206</historyTime>
    <historyTime>1251945075</historyTime>
    <historyTime>1251741804</historyTime>
    <historyTime>1251602561</historyTime>
  </availableHistory>
  <pageGenTime>0.013136148452759</pageGenTime>
</backpack>
